2026-01-25T09:49:24.580-05:00  INFO 24216 --- [product-service] [main] c.ecommerce.product.ProductApplication   : Starting ProductApplication using Java 25 with PID 24216 (C:\Users\chira\Desktop\JAVA\Microservices Projects\user-workspace\product\product\target\classes started by chira in C:\Users\chira\Desktop\JAVA\Microservices Projects\user-workspace)
2026-01-25T09:49:24.595-05:00  INFO 24216 --- [product-service] [main] c.ecommerce.product.ProductApplication   : No active profile set, falling back to 1 default profile: "default"
2026-01-25T09:49:24.769-05:00  INFO 24216 --- [product-service] [main] o.s.c.c.c.ConfigServerConfigDataLoader   : Fetching config from server at : http://localhost:8888
2026-01-25T09:49:24.772-05:00  INFO 24216 --- [product-service] [main] o.s.c.c.c.ConfigServerConfigDataLoader   : Located environment: name=product-service, profiles=[default], label=null, version=null, state=null
2026-01-25T09:49:29.762-05:00  INFO 24216 --- [product-service] [main] .s.d.r.c.RepositoryConfigurationDelegate : Bootstrapping Spring Data JPA repositories in DEFAULT mode.
2026-01-25T09:49:30.133-05:00  INFO 24216 --- [product-service] [main] .s.d.r.c.RepositoryConfigurationDelegate : Finished Spring Data repository scanning in 337 ms. Found 1 JPA repository interface.
2026-01-25T09:49:31.138-05:00  INFO 24216 --- [product-service] [main] faultConfiguringBeanFactoryPostProcessor : No bean named 'errorChannel' has been explicitly defined. Therefore, a default PublishSubscribeChannel will be created.
2026-01-25T09:49:31.158-05:00  INFO 24216 --- [product-service] [main] faultConfiguringBeanFactoryPostProcessor : No bean named 'integrationHeaderChannelRegistry' has been explicitly defined. Therefore, a default DefaultHeaderChannelRegistry will be created.
2026-01-25T09:49:31.214-05:00  INFO 24216 --- [product-service] [main] o.s.cloud.context.scope.GenericScope     : BeanFactory id=4f1334ab-c835-31c6-97ef-9ab9d72c0509
2026-01-25T09:49:33.121-05:00  INFO 24216 --- [product-service] [main] o.s.boot.tomcat.TomcatWebServer          : Tomcat initialized with port 8081 (http)
2026-01-25T09:49:33.186-05:00  INFO 24216 --- [product-service] [main] o.apache.catalina.core.StandardService   : Starting service [Tomcat]
2026-01-25T09:49:33.190-05:00  INFO 24216 --- [product-service] [main] o.apache.catalina.core.StandardEngine    : Starting Servlet engine: [Apache Tomcat/11.0.15]
2026-01-25T09:49:33.470-05:00  INFO 24216 --- [product-service] [main] b.w.c.s.WebApplicationContextInitializer : Root WebApplicationContext: initialization completed in 8687 ms
2026-01-25T09:49:34.678-05:00  INFO 24216 --- [product-service] [main] org.hibernate.orm.jpa                    : HHH008540: Processing PersistenceUnitInfo [name: default]
2026-01-25T09:49:34.835-05:00  INFO 24216 --- [product-service] [main] org.hibernate.orm.core                   : HHH000001: Hibernate ORM core version 7.2.0.Final
2026-01-25T09:49:36.383-05:00  INFO 24216 --- [product-service] [main] o.s.o.j.p.SpringPersistenceUnitInfo      : No LoadTimeWeaver setup: ignoring JPA class transformer
2026-01-25T09:49:36.451-05:00  INFO 24216 --- [product-service] [main] com.zaxxer.hikari.HikariDataSource       : HikariPool-1 - Starting...
2026-01-25T09:49:36.788-05:00  INFO 24216 --- [product-service] [main] com.zaxxer.hikari.pool.HikariPool        : HikariPool-1 - Added connection org.postgresql.jdbc.PgConnection@39d4f046
2026-01-25T09:49:36.793-05:00  INFO 24216 --- [product-service] [main] com.zaxxer.hikari.HikariDataSource       : HikariPool-1 - Start completed.
2026-01-25T09:49:36.879-05:00  WARN 24216 --- [product-service] [main] org.hibernate.orm.deprecation            : HHH90000025: PostgreSQLDialect does not need to be specified explicitly using 'hibernate.dialect' (remove the property setting and it will be selected by default)
2026-01-25T09:49:36.967-05:00  INFO 24216 --- [product-service] [main] org.hibernate.orm.connections.pooling    : HHH10001005: Database info:
	Database JDBC URL [jdbc:postgresql://localhost:5433/product]
	Database driver: PostgreSQL JDBC Driver
	Database dialect: PostgreSQLDialect
	Database version: 14.20
	Default catalog/schema: product/public
	Autocommit mode: undefined/unknown
	Isolation level: READ_COMMITTED [default READ_COMMITTED]
	JDBC fetch size: none
	Pool: DataSourceConnectionProvider
	Minimum pool size: undefined/unknown
	Maximum pool size: undefined/unknown
2026-01-25T09:49:39.333-05:00  INFO 24216 --- [product-service] [main] org.hibernate.orm.core                   : HHH000489: No JTA platform available (set 'hibernate.transaction.jta.platform' to enable JTA platform integration)
2026-01-25T09:49:39.517-05:00  INFO 24216 --- [product-service] [main] j.LocalContainerEntityManagerFactoryBean : Initialized JPA EntityManagerFactory for persistence unit 'default'
2026-01-25T09:49:39.760-05:00  INFO 24216 --- [product-service] [main] o.s.d.j.r.query.QueryEnhancerFactories   : Hibernate is in classpath; If applicable, HQL parser will be used.
2026-01-25T09:49:42.198-05:00  WARN 24216 --- [product-service] [main] JpaBaseConfiguration$JpaWebConfiguration : spring.jpa.open-in-view is enabled by default. Therefore, database queries may be performed during view rendering. Explicitly configure spring.jpa.open-in-view to disable this warning
2026-01-25T09:49:43.244-05:00  INFO 24216 --- [product-service] [main] o.s.c.s.m.DirectWithAttributesChannel    : Channel 'product-service.springCloudBusInput' has 1 subscriber(s).
2026-01-25T09:49:44.686-05:00  INFO 24216 --- [product-service] [main] DiscoveryClientOptionalArgsConfiguration : Eureka HTTP Client uses RestClient.
2026-01-25T09:49:44.773-05:00  WARN 24216 --- [product-service] [main] iguration$LoadBalancerCaffeineWarnLogger : Spring Cloud LoadBalancer is currently working with the default cache. While this cache implementation is useful for development and tests, it's recommended to use Caffeine cache in production.You can switch to using Caffeine cache, by adding it and org.springframework.cache.caffeine.CaffeineCacheManager to the classpath.
2026-01-25T09:49:44.785-05:00  INFO 24216 --- [product-service] [main] o.s.b.a.e.web.EndpointLinksResolver      : Exposing 24 endpoints beneath base path '/actuator'
2026-01-25T09:49:44.945-05:00  INFO 24216 --- [product-service] [main] o.s.i.endpoint.EventDrivenConsumer       : Adding {logging-channel-adapter:_org.springframework.integration.errorLogger} as a subscriber to the 'errorChannel' channel
2026-01-25T09:49:44.946-05:00  INFO 24216 --- [product-service] [main] o.s.i.channel.PublishSubscribeChannel    : Channel 'product-service.errorChannel' has 1 subscriber(s).
2026-01-25T09:49:44.947-05:00  INFO 24216 --- [product-service] [main] o.s.i.endpoint.EventDrivenConsumer       : started bean '_org.springframework.integration.errorLogger'
2026-01-25T09:49:44.992-05:00  INFO 24216 --- [product-service] [main] o.s.c.n.eureka.InstanceInfoFactory       : Setting initial instance status as: STARTING
2026-01-25T09:49:45.028-05:00  INFO 24216 --- [product-service] [main] com.netflix.discovery.DiscoveryClient    : Initializing Eureka in region us-east-1
2026-01-25T09:49:45.032-05:00  INFO 24216 --- [product-service] [main] c.n.d.s.r.aws.ConfigClusterResolver      : Resolving eureka endpoints via configuration
2026-01-25T09:49:45.047-05:00  INFO 24216 --- [product-service] [main] com.netflix.discovery.DiscoveryClient    : Disable delta property : false
2026-01-25T09:49:45.047-05:00  INFO 24216 --- [product-service] [main] com.netflix.discovery.DiscoveryClient    : Single vip registry refresh property : null
2026-01-25T09:49:45.047-05:00  INFO 24216 --- [product-service] [main] com.netflix.discovery.DiscoveryClient    : Force full registry fetch : false
2026-01-25T09:49:45.047-05:00  INFO 24216 --- [product-service] [main] com.netflix.discovery.DiscoveryClient    : Application is null : false
2026-01-25T09:49:45.047-05:00  INFO 24216 --- [product-service] [main] com.netflix.discovery.DiscoveryClient    : Registered Applications size is zero : true
2026-01-25T09:49:45.047-05:00  INFO 24216 --- [product-service] [main] com.netflix.discovery.DiscoveryClient    : Application version is -1: true
2026-01-25T09:49:45.047-05:00  INFO 24216 --- [product-service] [main] com.netflix.discovery.DiscoveryClient    : Getting all instance registry info from the eureka server
2026-01-25T09:49:45.400-05:00  INFO 24216 --- [product-service] [main] com.netflix.discovery.DiscoveryClient    : The response status is 200
2026-01-25T09:49:45.404-05:00  INFO 24216 --- [product-service] [main] com.netflix.discovery.DiscoveryClient    : Starting heartbeat executor: renew interval is: 30
2026-01-25T09:49:45.410-05:00  INFO 24216 --- [product-service] [main] c.n.discovery.InstanceInfoReplicator     : InstanceInfoReplicator onDemand update allowed rate per min is 4
2026-01-25T09:49:45.411-05:00  INFO 24216 --- [product-service] [main] com.netflix.discovery.DiscoveryClient    : Discovery Client initialized at timestamp 1769352585411 with initial instances count: 0
2026-01-25T09:49:45.416-05:00  INFO 24216 --- [product-service] [main] o.s.c.n.e.s.EurekaServiceRegistry        : Registering application PRODUCT-SERVICE with eureka with status UP
2026-01-25T09:49:45.417-05:00  INFO 24216 --- [product-service] [main] com.netflix.discovery.DiscoveryClient    : Saw local status change event StatusChangeEvent [timestamp=1769352585417, current=UP, previous=STARTING]
2026-01-25T09:49:45.424-05:00  INFO 24216 --- [product-service] [DiscoveryClient-InstanceInfoReplicator-%d] com.netflix.discovery.DiscoveryClient    : DiscoveryClient_PRODUCT-SERVICE/Chirayupatel.mshome.net:product-service:8081: registering service...
2026-01-25T09:49:45.426-05:00  INFO 24216 --- [product-service] [main] o.s.c.s.binder.DefaultBinderFactory      : Creating binder: rabbit
2026-01-25T09:49:45.427-05:00  INFO 24216 --- [product-service] [main] o.s.c.s.binder.DefaultBinderFactory      : Constructing binder child context for rabbit
2026-01-25T09:49:45.580-05:00  INFO 24216 --- [product-service] [DiscoveryClient-InstanceInfoReplicator-%d] com.netflix.discovery.DiscoveryClient    : DiscoveryClient_PRODUCT-SERVICE/Chirayupatel.mshome.net:product-service:8081 - registration status: 204
2026-01-25T09:49:45.739-05:00  INFO 24216 --- [product-service] [main] o.s.c.s.binder.DefaultBinderFactory      : Caching the binder: rabbit
2026-01-25T09:49:45.756-05:00  INFO 24216 --- [product-service] [main] c.s.b.r.p.RabbitExchangeQueueProvisioner : declaring queue for inbound: springCloudBus.anonymous.Fr1lIHhaT6ifH0IkmbOBjA, bound to: springCloudBus
2026-01-25T09:49:45.764-05:00  INFO 24216 --- [product-service] [main] o.s.a.r.c.CachingConnectionFactory       : Attempting to connect to: [localhost:5672]
2026-01-25T09:49:45.886-05:00  INFO 24216 --- [product-service] [main] o.s.a.r.c.CachingConnectionFactory       : Created new connection: rabbitConnectionFactory#1050f49:0/SimpleConnection@2775d0d4 [delegate=amqp://guest@127.0.0.1:5672/, localPort=49804]
2026-01-25T09:49:45.962-05:00  INFO 24216 --- [product-service] [main] o.s.c.stream.binder.BinderErrorChannel   : Channel 'rabbit-788411916.springCloudBusInput.errors' has 1 subscriber(s).
2026-01-25T09:49:45.964-05:00  INFO 24216 --- [product-service] [main] o.s.c.stream.binder.BinderErrorChannel   : Channel 'rabbit-788411916.springCloudBusInput.errors' has 2 subscriber(s).
2026-01-25T09:49:45.994-05:00  INFO 24216 --- [product-service] [main] o.s.i.a.i.AmqpInboundChannelAdapter      : started bean 'inbound.springCloudBus.anonymous.Fr1lIHhaT6ifH0IkmbOBjA'
2026-01-25T09:49:46.016-05:00  INFO 24216 --- [product-service] [main] o.s.boot.tomcat.TomcatWebServer          : Tomcat started on port 8081 (http) with context path '/'
2026-01-25T09:49:46.017-05:00  INFO 24216 --- [product-service] [main] .s.c.n.e.s.EurekaAutoServiceRegistration : Updating port to 8081
2026-01-25T09:49:46.077-05:00  INFO 24216 --- [product-service] [main] c.ecommerce.product.ProductApplication   : Started ProductApplication in 25.575 seconds (process running for 28.958)
2026-01-25T09:50:15.406-05:00  INFO 24216 --- [product-service] [DiscoveryClient-CacheRefreshExecutor-%d] com.netflix.discovery.DiscoveryClient    : Disable delta property : false
2026-01-25T09:50:15.406-05:00  INFO 24216 --- [product-service] [DiscoveryClient-CacheRefreshExecutor-%d] com.netflix.discovery.DiscoveryClient    : Single vip registry refresh property : null
2026-01-25T09:50:15.407-05:00  INFO 24216 --- [product-service] [DiscoveryClient-CacheRefreshExecutor-%d] com.netflix.discovery.DiscoveryClient    : Force full registry fetch : false
2026-01-25T09:50:15.407-05:00  INFO 24216 --- [product-service] [DiscoveryClient-CacheRefreshExecutor-%d] com.netflix.discovery.DiscoveryClient    : Application is null : false
2026-01-25T09:50:15.407-05:00  INFO 24216 --- [product-service] [DiscoveryClient-CacheRefreshExecutor-%d] com.netflix.discovery.DiscoveryClient    : Registered Applications size is zero : true
2026-01-25T09:50:15.407-05:00  INFO 24216 --- [product-service] [DiscoveryClient-CacheRefreshExecutor-%d] com.netflix.discovery.DiscoveryClient    : Application version is -1: false
2026-01-25T09:50:15.407-05:00  INFO 24216 --- [product-service] [DiscoveryClient-CacheRefreshExecutor-%d] com.netflix.discovery.DiscoveryClient    : Getting all instance registry info from the eureka server
2026-01-25T09:50:15.429-05:00  INFO 24216 --- [product-service] [DiscoveryClient-CacheRefreshExecutor-%d] com.netflix.discovery.DiscoveryClient    : The response status is 200
